<?xml version="1.0" encoding="UTF-8"?>
<!-- Generated by org.testng.reporters.JUnitReportReporter -->
<testsuite hostname="Arshlan" failures="0" tests="1" name="testNG.TestNGDEMO" time="0.008" errors="0" timestamp="2025-03-03T12:50:14 IST" skipped="0">
  <testcase classname="testNG.TestNGDEMO" name="print" time="0.008">
    <system-out>
      <![CDATA[Hey this is just a example]]>
    </system-out>
  </testcase> <!-- print -->
  <system-out>
    <![CDATA[Hey this is just a example]]>
  </system-out>
</testsuite> <!-- testNG.TestNGDEMO -->
