<?xml version="1.0" encoding="UTF-8"?>
<!-- Generated by org.testng.reporters.JUnitReportReporter -->
<testsuite hostname="Arshlan" failures="0" tests="2" name="testNG.DataProviderDemo" time="0.010" errors="0" timestamp="2025-03-03T12:56:37 IST" skipped="0">
  <testcase classname="testNG.DataProviderDemo" name="createUser" time="0.002">
    <system-out>
      <![CDATA[Create User:UserBPass:UserB123]]>
    </system-out>
  </testcase> <!-- createUser -->
  <testcase classname="testNG.DataProviderDemo" name="createUser" time="0.008">
    <system-out>
      <![CDATA[Create User:UserAPass:UserA123]]>
    </system-out>
  </testcase> <!-- createUser -->
  <system-out>
    <![CDATA[Create User:UserAPass:UserA123
Create User:UserBPass:UserB123]]>
  </system-out>
</testsuite> <!-- testNG.DataProviderDemo -->
